2021-09-16 20:42:37 INFO  Assgnment5:19 - Browser is Luanched
2021-09-16 20:42:59 INFO  Assgnment5:34 - URL is navigated
2021-09-16 20:43:05 INFO  Assgnment5:49 - Login has Completed
2021-09-16 20:43:09 INFO  Assgnment5:62 - Window is minimized
2021-09-16 20:43:28 INFO  Assgnment5:84 - Customer  is Created
2021-09-16 20:43:34 INFO  Assgnment5:105 - Project is created
2021-09-16 20:43:43 INFO  Assgnment5:124 - Project is deleted
2021-09-16 20:43:52 INFO  Assgnment5:143 - Customer is Deleted
2021-09-16 20:43:56 INFO  Assgnment5:156 - LOgout is completed
2021-09-16 20:43:57 INFO  Assgnment5:168 - Application is closed
2021-09-16 21:00:49 INFO  Assngnment6:20 - Browser is Luanched
2021-09-16 21:00:57 INFO  Assngnment6:35 - URL is navigated
2021-09-16 21:01:03 INFO  Assngnment6:50 - URL is navigated
2021-09-16 21:01:06 INFO  Assngnment6:63 - Window is minimized
2021-09-16 21:01:22 INFO  Assngnment6:85 - Customer  is Created
2021-09-16 21:01:29 INFO  Assngnment6:106 - Project is created
2021-09-16 21:01:34 INFO  Assngnment6:123 - Project is Modified
2021-09-16 21:01:41 INFO  Assngnment6:141 - Customer is deleted
2021-09-16 21:02:02 INFO  Assngnment6:164 - User is Created
2021-09-16 21:02:09 INFO  Assngnment6:184 - User is Deleted
2021-09-16 21:02:12 INFO  Assngnment6:198 - Logout is Complteed
2021-09-16 21:02:12 INFO  Assngnment6:210 - Application is closed
